<?xml version="1.0" encoding="UTF-8"?>
<!-- Generated by org.testng.reporters.JUnitXMLReporter -->
<testsuite ignored="0" hostname="RG-LAP-001049" failures="0" tests="3" name="Default test" time="27.661" errors="0" timestamp="2025-04-04T18:46:38 IST">
  <testcase classname="formsubmission.InputFormSubmission" name="chromeBrowser" time="10.806"/>
  <testcase classname="formsubmission.InputFormSubmission" name="FirefoxBrowser" time="8.516"/>
  <testcase classname="formsubmission.InputFormSubmission" name="EdgeBrowser" time="8.271"/>
</testsuite> <!-- Default test -->
