<?xml version="1.0" encoding="UTF-8"?>
<testng-results ignored="0" total="3" passed="3" failed="0" skipped="0">
  <reporter-output>
  </reporter-output>
  <suite started-at="2025-04-04T18:46:10 IST" name="Default suite" finished-at="2025-04-04T18:46:38 IST" duration-ms="27661">
    <groups>
    </groups>
    <test started-at="2025-04-04T18:46:10 IST" name="Default test" finished-at="2025-04-04T18:46:38 IST" duration-ms="27661">
      <class name="formsubmission.InputFormSubmission">
        <test-method signature="chromeBrowser()[pri:0, instance:formsubmission.InputFormSubmission@77888435]" started-at="2025-04-04T18:46:10 IST" name="chromeBrowser" finished-at="2025-04-04T18:46:21 IST" duration-ms="10806" status="PASS">
          <reporter-output>
          </reporter-output>
        </test-method> <!-- chromeBrowser -->
        <test-method signature="FirefoxBrowser()[pri:1, instance:formsubmission.InputFormSubmission@77888435]" started-at="2025-04-04T18:46:21 IST" name="FirefoxBrowser" finished-at="2025-04-04T18:46:29 IST" duration-ms="8516" status="PASS">
          <reporter-output>
          </reporter-output>
        </test-method> <!-- FirefoxBrowser -->
        <test-method signature="EdgeBrowser()[pri:2, instance:formsubmission.InputFormSubmission@77888435]" started-at="2025-04-04T18:46:29 IST" name="EdgeBrowser" finished-at="2025-04-04T18:46:38 IST" duration-ms="8271" status="PASS">
          <reporter-output>
          </reporter-output>
        </test-method> <!-- EdgeBrowser -->
      </class> <!-- formsubmission.InputFormSubmission -->
    </test> <!-- Default test -->
  </suite> <!-- Default suite -->
</testng-results>
